[NotebookApp | WARNING] No nbgrader_config.py file found (rerun with --debug to see where nbgrader is looking)
[NotebookApp | INFO] Loading the validate_assignment nbgrader serverextension
[NotebookApp | INFO] Serving notebooks from local directory: /Users/wuykimpang/Code/nbresuse
[NotebookApp | INFO] The Jupyter Notebook is running at:
[NotebookApp | INFO] http://localhost:8888/?token=23c50aeb3e3b5008a99fe8a6aaee9dc53f57ff4f0f6a2ef5
[NotebookApp | INFO] Use Control-C to stop this server and shut down all kernels (twice to skip confirmation).
[NotebookApp | CRITICAL] 
    
    To access the notebook, open this file in a browser:
        file:///Users/wuykimpang/Library/Jupyter/runtime/nbserver-16346-open.html
    Or copy and paste one of these URLs:
        http://localhost:8888/?token=23c50aeb3e3b5008a99fe8a6aaee9dc53f57ff4f0f6a2ef5
[NotebookApp | INFO] Kernel started: 6d564037-8cf6-4ac9-9224-e09671b3e514
[NotebookApp | INFO] Adapting to protocol v5.1 for kernel 6d564037-8cf6-4ac9-9224-e09671b3e514
[NotebookApp | INFO] Starting buffering for 6d564037-8cf6-4ac9-9224-e09671b3e514:d1c44baa73f941aa8f5e0dfd066348df
[NotebookApp | INFO] interrupted
[NotebookApp | CRITICAL] Shutdown confirmed
[NotebookApp | INFO] Shutting down 1 kernel
[NotebookApp | INFO] Kernel shutdown: 6d564037-8cf6-4ac9-9224-e09671b3e514
[NotebookApp | WARNING] No nbgrader_config.py file found (rerun with --debug to see where nbgrader is looking)
[NotebookApp | INFO] Loading the validate_assignment nbgrader serverextension
[NotebookApp | INFO] Serving notebooks from local directory: /Users/wuykimpang/Code/nbresuse
[NotebookApp | INFO] The Jupyter Notebook is running at:
[NotebookApp | INFO] http://localhost:8888/?token=40902cdaf6f6058e4ecb37b12334d26f5109d3114c3e75e2
[NotebookApp | INFO] Use Control-C to stop this server and shut down all kernels (twice to skip confirmation).
[NotebookApp | CRITICAL] 
    
    To access the notebook, open this file in a browser:
        file:///Users/wuykimpang/Library/Jupyter/runtime/nbserver-23243-open.html
    Or copy and paste one of these URLs:
        http://localhost:8888/?token=40902cdaf6f6058e4ecb37b12334d26f5109d3114c3e75e2
[NotebookApp | INFO] Kernel started: b23da037-bdde-4b86-836f-5499f25f5ec4
[NotebookApp | INFO] Adapting to protocol v5.1 for kernel b23da037-bdde-4b86-836f-5499f25f5ec4
[NotebookApp | WARNING] 404 GET /static/components/preact/preact.min.js.map (::1) 9.10ms referer=None
[NotebookApp | WARNING] 404 GET /static/components/proptypes/index.js.map (::1) 1.43ms referer=None
[NotebookApp | WARNING] 404 GET /static/components/preact-compat/preact-compat.min.js.map (::1) 1.49ms referer=None
[NotebookApp | INFO] interrupted
[NotebookApp | CRITICAL] Shutdown confirmed
[NotebookApp | INFO] Shutting down 1 kernel
[NotebookApp | INFO] Kernel shutdown: b23da037-bdde-4b86-836f-5499f25f5ec4
[NotebookApp | WARNING] No nbgrader_config.py file found (rerun with --debug to see where nbgrader is looking)
[NotebookApp | INFO] Loading the validate_assignment nbgrader serverextension
[NotebookApp | INFO] Serving notebooks from local directory: /Users/wuykimpang/Code/nbresuse
[NotebookApp | INFO] The Jupyter Notebook is running at:
[NotebookApp | INFO] http://localhost:8888/?token=4690b2fe651a0d73194054b28f7b8e96db6f38c9e27456f1
[NotebookApp | INFO] Use Control-C to stop this server and shut down all kernels (twice to skip confirmation).
[NotebookApp | CRITICAL] 
    
    To access the notebook, open this file in a browser:
        file:///Users/wuykimpang/Library/Jupyter/runtime/nbserver-23312-open.html
    Or copy and paste one of these URLs:
        http://localhost:8888/?token=4690b2fe651a0d73194054b28f7b8e96db6f38c9e27456f1
[NotebookApp | WARNING] 404 GET /api/kernels/b23da037-bdde-4b86-836f-5499f25f5ec4/channels?session_id=2bfb75e437164213ba0f9c304e642aaf (::1): Kernel does not exist: b23da037-bdde-4b86-836f-5499f25f5ec4
[NotebookApp | WARNING] 404 GET /api/kernels/b23da037-bdde-4b86-836f-5499f25f5ec4/channels?session_id=2bfb75e437164213ba0f9c304e642aaf (::1) 19.30ms referer=None
[NotebookApp | INFO] Kernel started: c0b08f95-dc8e-447f-8495-f20bddc104a8
[NotebookApp | INFO] Adapting to protocol v5.1 for kernel c0b08f95-dc8e-447f-8495-f20bddc104a8
[NotebookApp | WARNING] Replacing stale connection: b23da037-bdde-4b86-836f-5499f25f5ec4:2bfb75e437164213ba0f9c304e642aaf
[NotebookApp | INFO] interrupted
[NotebookApp | CRITICAL] Shutdown confirmed
[NotebookApp | INFO] Shutting down 1 kernel
[NotebookApp | INFO] Kernel shutdown: c0b08f95-dc8e-447f-8495-f20bddc104a8
[NotebookApp | WARNING] No nbgrader_config.py file found (rerun with --debug to see where nbgrader is looking)
[NotebookApp | INFO] Loading the validate_assignment nbgrader serverextension
[NotebookApp | INFO] Serving notebooks from local directory: /Users/wuykimpang/Code/nbresuse
[NotebookApp | INFO] The Jupyter Notebook is running at:
[NotebookApp | INFO] http://localhost:8888/?token=b76006ac887f08d96e6df516dba29d3c106e66b8a50d1738
[NotebookApp | INFO] Use Control-C to stop this server and shut down all kernels (twice to skip confirmation).
[NotebookApp | CRITICAL] 
    
    To access the notebook, open this file in a browser:
        file:///Users/wuykimpang/Library/Jupyter/runtime/nbserver-23392-open.html
    Or copy and paste one of these URLs:
        http://localhost:8888/?token=b76006ac887f08d96e6df516dba29d3c106e66b8a50d1738
[NotebookApp | INFO] Kernel started: 91fb44d4-559f-402e-8ba0-5bf738779497
[NotebookApp | INFO] Adapting to protocol v5.1 for kernel 91fb44d4-559f-402e-8ba0-5bf738779497
[NotebookApp | WARNING] 404 GET /api/kernels/c0b08f95-dc8e-447f-8495-f20bddc104a8/channels?session_id=55a24ecceaca4fd8a5da7920f91954c6 (::1): Kernel does not exist: c0b08f95-dc8e-447f-8495-f20bddc104a8
[NotebookApp | WARNING] 404 GET /api/kernels/c0b08f95-dc8e-447f-8495-f20bddc104a8/channels?session_id=55a24ecceaca4fd8a5da7920f91954c6 (::1) 8.34ms referer=None
[NotebookApp | WARNING] 404 GET /api/kernels/b23da037-bdde-4b86-836f-5499f25f5ec4/channels?session_id=2bfb75e437164213ba0f9c304e642aaf (::1): Kernel does not exist: b23da037-bdde-4b86-836f-5499f25f5ec4
[NotebookApp | WARNING] 404 GET /api/kernels/b23da037-bdde-4b86-836f-5499f25f5ec4/channels?session_id=2bfb75e437164213ba0f9c304e642aaf (::1) 3.25ms referer=None
[NotebookApp | WARNING] Replacing stale connection: c0b08f95-dc8e-447f-8495-f20bddc104a8:55a24ecceaca4fd8a5da7920f91954c6
[NotebookApp | INFO] interrupted
[NotebookApp | CRITICAL] Shutdown confirmed
[NotebookApp | INFO] Shutting down 1 kernel
[NotebookApp | INFO] Kernel shutdown: 91fb44d4-559f-402e-8ba0-5bf738779497
[NotebookApp | WARNING] No nbgrader_config.py file found (rerun with --debug to see where nbgrader is looking)
[NotebookApp | INFO] Loading the validate_assignment nbgrader serverextension
[NotebookApp | INFO] Serving notebooks from local directory: /Users/wuykimpang/Code/nbresuse
[NotebookApp | INFO] The Jupyter Notebook is running at:
[NotebookApp | INFO] http://localhost:8888/?token=be84848effd22414df4694917a7c6a305a39ccf612ef7570
[NotebookApp | INFO] Use Control-C to stop this server and shut down all kernels (twice to skip confirmation).
[NotebookApp | CRITICAL] 
    
    To access the notebook, open this file in a browser:
        file:///Users/wuykimpang/Library/Jupyter/runtime/nbserver-23454-open.html
    Or copy and paste one of these URLs:
        http://localhost:8888/?token=be84848effd22414df4694917a7c6a305a39ccf612ef7570
[NotebookApp | INFO] Kernel started: 2daf91bd-3017-439b-901a-13a63d60101e
[NotebookApp | INFO] Adapting to protocol v5.1 for kernel 2daf91bd-3017-439b-901a-13a63d60101e
[NotebookApp | WARNING] 404 GET /static/components/preact/preact.min.js.map (::1) 25.39ms referer=None
[NotebookApp | WARNING] 404 GET /static/components/proptypes/index.js.map (::1) 27.25ms referer=None
[NotebookApp | WARNING] 404 GET /static/components/preact-compat/preact-compat.min.js.map (::1) 30.14ms referer=None
[NotebookApp | INFO] interrupted
[NotebookApp | CRITICAL] Shutdown confirmed
[NotebookApp | INFO] Shutting down 1 kernel
[NotebookApp | INFO] Kernel shutdown: 2daf91bd-3017-439b-901a-13a63d60101e
[NotebookApp | WARNING] No nbgrader_config.py file found (rerun with --debug to see where nbgrader is looking)
[NotebookApp | INFO] Loading the validate_assignment nbgrader serverextension
[NotebookApp | INFO] Serving notebooks from local directory: /Users/wuykimpang/Code/nbresuse
[NotebookApp | INFO] The Jupyter Notebook is running at:
[NotebookApp | INFO] http://localhost:8888/?token=e033fda65f9a572da0771c0f4052cd5afa16bf55194cdb95
[NotebookApp | INFO] Use Control-C to stop this server and shut down all kernels (twice to skip confirmation).
[NotebookApp | CRITICAL] 
    
    To access the notebook, open this file in a browser:
        file:///Users/wuykimpang/Library/Jupyter/runtime/nbserver-23524-open.html
    Or copy and paste one of these URLs:
        http://localhost:8888/?token=e033fda65f9a572da0771c0f4052cd5afa16bf55194cdb95
[NotebookApp | INFO] Kernel started: 1ed33ee2-12e4-4322-935c-4bb1b336f631
[NotebookApp | INFO] Adapting to protocol v5.1 for kernel 1ed33ee2-12e4-4322-935c-4bb1b336f631
[NotebookApp | WARNING] 404 GET /static/components/preact/preact.min.js.map (::1) 8.49ms referer=None
[NotebookApp | WARNING] 404 GET /static/components/proptypes/index.js.map (::1) 2.24ms referer=None
[NotebookApp | WARNING] 404 GET /static/components/preact-compat/preact-compat.min.js.map (::1) 1.73ms referer=None
[NotebookApp | INFO] interrupted
[NotebookApp | CRITICAL] Shutdown confirmed
[NotebookApp | INFO] Shutting down 1 kernel
[NotebookApp | INFO] Kernel shutdown: 1ed33ee2-12e4-4322-935c-4bb1b336f631
[NotebookApp | WARNING] No nbgrader_config.py file found (rerun with --debug to see where nbgrader is looking)
[NotebookApp | INFO] Loading the validate_assignment nbgrader serverextension
[NotebookApp | INFO] Serving notebooks from local directory: /Users/wuykimpang/Code/nbresuse
[NotebookApp | INFO] The Jupyter Notebook is running at:
[NotebookApp | INFO] http://localhost:8888/?token=658707020030c75dbbb21d51e1c0085ee915490528be62b0
[NotebookApp | INFO] Use Control-C to stop this server and shut down all kernels (twice to skip confirmation).
[NotebookApp | CRITICAL] 
    
    To access the notebook, open this file in a browser:
        file:///Users/wuykimpang/Library/Jupyter/runtime/nbserver-23589-open.html
    Or copy and paste one of these URLs:
        http://localhost:8888/?token=658707020030c75dbbb21d51e1c0085ee915490528be62b0
[NotebookApp | INFO] Kernel started: d6fdc739-0a04-4fb2-926d-cb1aaf8bf246
[NotebookApp | INFO] Adapting to protocol v5.1 for kernel d6fdc739-0a04-4fb2-926d-cb1aaf8bf246
[NotebookApp | WARNING] 404 GET /static/components/preact/preact.min.js.map (::1) 8.58ms referer=None
[NotebookApp | WARNING] 404 GET /static/components/proptypes/index.js.map (::1) 2.93ms referer=None
[NotebookApp | WARNING] 404 GET /static/components/preact-compat/preact-compat.min.js.map (::1) 3.03ms referer=None
[NotebookApp | INFO] Starting buffering for d6fdc739-0a04-4fb2-926d-cb1aaf8bf246:85b82687f0eb42cf85fe72ae23a9f4f3
[NotebookApp | INFO] Kernel started: 3794cc53-db61-4cd5-add9-b72f1d74894c
[NotebookApp | INFO] Adapting to protocol v5.1 for kernel 3794cc53-db61-4cd5-add9-b72f1d74894c
[NotebookApp | WARNING] Forbidden
[NotebookApp | WARNING] 403 PUT /api/contents/Untitled1.ipynb (::1) 1.10ms referer=http://localhost:8888/notebooks/Untitled1.ipynb
[NotebookApp | INFO] Starting buffering for 3794cc53-db61-4cd5-add9-b72f1d74894c:7c5c92e5056b4e4e8fcc1cd62899e893
[NotebookApp | INFO] interrupted
[NotebookApp | CRITICAL] Shutdown confirmed
[NotebookApp | INFO] Shutting down 2 kernels
[NotebookApp | INFO] Kernel shutdown: d6fdc739-0a04-4fb2-926d-cb1aaf8bf246
[NotebookApp | INFO] Kernel shutdown: 3794cc53-db61-4cd5-add9-b72f1d74894c
